# JRE version: OpenJDK Runtime Environment (21.0+35) (build 21+35-2513)
# Java VM: OpenJDK 64-Bit Server VM (21+35-2513, mixed mode, tiered, compressed oops, compressed class ptrs, g1 gc, windows-amd64)
GC Precious Log:
 CardTable entry size: 512
 Card Set container configuration: InlinePtr #cards 5 size 8 Array Of Cards #cards 12 size 40 Howl #buckets 4 coarsen threshold 1843 Howl Bitmap #cards 512 size 80 coarsen threshold 460 Card regions per heap region 1 cards per card region 2048
 CPUs: 8 total, 8 available
 Memory: 3929M
 Large Page Support: Disabled
 NUMA Support: Disabled
 Compressed Oops: Enabled (32-bit)
 Heap Region Size: 1M
 Heap Min Capacity: 8M
 Heap Initial Capacity: 62M
 Heap Max Capacity: 984M
 Pre-touch: Disabled
 Parallel Workers: 8
 Concurrent Workers: 2
 Concurrent Refinement Workers: 8
 Periodic GC: Disabled
Heap:
 garbage-first heap   total 444416K, used 283184K [0x00000000c2800000, 0x0000000100000000)
  region size 1024K, 153 young (156672K), 5 survivors (5120K)
 Metaspace       used 44520K, committed 44864K, reserved 1114112K
  class space    used 5544K, committed 5696K, reserved 1048576K
GC Heap History (20 events):
Event: 2155.718 GC heap before
{Heap before GC invocations=98 (full 0):
 garbage-first heap   total 208896K, used 189532K [0x00000000c2800000, 0x0000000100000000)
  region size 1024K, 75 young (76800K), 7 survivors (7168K)
 Metaspace       used 44202K, committed 44608K, reserved 1114112K
  class space    used 5516K, committed 5696K, reserved 1048576K
}
Event: 2155.745 GC heap after
{Heap after GC invocations=99 (full 0):
 garbage-first heap   total 208896K, used 120564K [0x00000000c2800000, 0x0000000100000000)
  region size 1024K, 5 young (5120K), 5 survivors (5120K)
 Metaspace       used 44202K, committed 44608K, reserved 1114112K
  class space    used 5516K, committed 5696K, reserved 1048576K
}
Event: 2156.157 GC heap before
{Heap before GC invocations=99 (full 0):
 garbage-first heap   total 208896K, used 192244K [0x00000000c2800000, 0x0000000100000000)
  region size 1024K, 75 young (76800K), 5 survivors (5120K)
 Metaspace       used 44214K, committed 44608K, reserved 1114112K
  class space    used 5516K, committed 5696K, reserved 1048576K
}
Event: 2156.167 GC heap after
{Heap after GC invocations=100 (full 0):
 garbage-first heap   total 208896K, used 121916K [0x00000000c2800000, 0x0000000100000000)
  region size 1024K, 7 young (7168K), 7 survivors (7168K)
 Metaspace       used 44214K, committed 44608K, reserved 1114112K
  class space    used 5516K, committed 5696K, reserved 1048576K
}
Event: 2157.201 GC heap before
{Heap before GC invocations=101 (full 0):
 garbage-first heap   total 237568K, used 187452K [0x00000000c2800000, 0x0000000100000000)
  region size 1024K, 71 young (72704K), 7 survivors (7168K)
 Metaspace       used 44215K, committed 44608K, reserved 1114112K
  class space    used 5516K, committed 5696K, reserved 1048576K
}
Event: 2157.261 GC heap after
{Heap after GC invocations=102 (full 0):
 garbage-first heap   total 237568K, used 130231K [0x00000000c2800000, 0x0000000100000000)
  region size 1024K, 9 young (9216K), 9 survivors (9216K)
 Metaspace       used 44215K, committed 44608K, reserved 1114112K
  class space    used 5516K, committed 5696K, reserved 1048576K
}
Event: 2181.726 GC heap before
{Heap before GC invocations=102 (full 0):
 garbage-first heap   total 237568K, used 214199K [0x00000000c2800000, 0x0000000100000000)
  region size 1024K, 91 young (93184K), 9 survivors (9216K)
 Metaspace       used 44473K, committed 44800K, reserved 1114112K
  class space    used 5543K, committed 5696K, reserved 1048576K
}
Event: 2181.776 GC heap after
{Heap after GC invocations=103 (full 0):
 garbage-first heap   total 237568K, used 131712K [0x00000000c2800000, 0x0000000100000000)
  region size 1024K, 2 young (2048K), 2 survivors (2048K)
 Metaspace       used 44473K, committed 44800K, reserved 1114112K
  class space    used 5543K, committed 5696K, reserved 1048576K
}
Event: 2181.940 GC heap before
{Heap before GC invocations=103 (full 0):
 garbage-first heap   total 237568K, used 221824K [0x00000000c2800000, 0x0000000100000000)
  region size 1024K, 90 young (92160K), 2 survivors (2048K)
 Metaspace       used 44475K, committed 44800K, reserved 1114112K
  class space    used 5543K, committed 5696K, reserved 1048576K
}
Event: 2181.943 GC heap after
{Heap after GC invocations=104 (full 0):
 garbage-first heap   total 237568K, used 131653K [0x00000000c2800000, 0x0000000100000000)
  region size 1024K, 2 young (2048K), 2 survivors (2048K)
 Metaspace       used 44475K, committed 44800K, reserved 1114112K
  class space    used 5543K, committed 5696K, reserved 1048576K
}
Event: 2182.147 GC heap before
{Heap before GC invocations=104 (full 0):
 garbage-first heap   total 237568K, used 221765K [0x00000000c2800000, 0x0000000100000000)
  region size 1024K, 90 young (92160K), 2 survivors (2048K)
 Metaspace       used 44478K, committed 44800K, reserved 1114112K
  class space    used 5543K, committed 5696K, reserved 1048576K
}
Event: 2182.150 GC heap after
{Heap after GC invocations=105 (full 0):
 garbage-first heap   total 237568K, used 131544K [0x00000000c2800000, 0x0000000100000000)
  region size 1024K, 2 young (2048K), 2 survivors (2048K)
 Metaspace       used 44478K, committed 44800K, reserved 1114112K
  class space    used 5543K, committed 5696K, reserved 1048576K
}
Event: 2182.343 GC heap before
{Heap before GC invocations=105 (full 0):
 garbage-first heap   total 327680K, used 218584K [0x00000000c2800000, 0x0000000100000000)
  region size 1024K, 87 young (89088K), 2 survivors (2048K)
 Metaspace       used 44478K, committed 44800K, reserved 1114112K
  class space    used 5543K, committed 5696K, reserved 1048576K
}
Event: 2182.346 GC heap after
{Heap after GC invocations=106 (full 0):
 garbage-first heap   total 327680K, used 131763K [0x00000000c2800000, 0x0000000100000000)
  region size 1024K, 3 young (3072K), 3 survivors (3072K)
 Metaspace       used 44478K, committed 44800K, reserved 1114112K
  class space    used 5543K, committed 5696K, reserved 1048576K
}
Event: 2188.215 GC heap before
{Heap before GC invocations=107 (full 0):
 garbage-first heap   total 327680K, used 306867K [0x00000000c2800000, 0x0000000100000000)
  region size 1024K, 174 young (178176K), 3 survivors (3072K)
 Metaspace       used 44483K, committed 44800K, reserved 1114112K
  class space    used 5543K, committed 5696K, reserved 1048576K
}
Event: 2188.221 GC heap after
{Heap after GC invocations=108 (full 0):
 garbage-first heap   total 444416K, used 132695K [0x00000000c2800000, 0x0000000100000000)
  region size 1024K, 3 young (3072K), 3 survivors (3072K)
 Metaspace       used 44483K, committed 44800K, reserved 1114112K
  class space    used 5543K, committed 5696K, reserved 1048576K
}
Event: 2195.531 GC heap before
{Heap before GC invocations=108 (full 0):
 garbage-first heap   total 444416K, used 395863K [0x00000000c2800000, 0x0000000100000000)
  region size 1024K, 260 young (266240K), 3 survivors (3072K)
 Metaspace       used 44484K, committed 44800K, reserved 1114112K
  class space    used 5543K, committed 5696K, reserved 1048576K
}
Event: 2195.554 GC heap after
{Heap after GC invocations=109 (full 0):
 garbage-first heap   total 444416K, used 131214K [0x00000000c2800000, 0x0000000100000000)
  region size 1024K, 4 young (4096K), 4 survivors (4096K)
 Metaspace       used 44484K, committed 44800K, reserved 1114112K
  class space    used 5543K, committed 5696K, reserved 1048576K
}
Event: 2209.324 GC heap before
{Heap before GC invocations=109 (full 0):
 garbage-first heap   total 444416K, used 393358K [0x00000000c2800000, 0x0000000100000000)
  region size 1024K, 260 young (266240K), 4 survivors (4096K)
 Metaspace       used 44519K, committed 44864K, reserved 1114112K
  class space    used 5544K, committed 5696K, reserved 1048576K
}
Event: 2209.331 GC heap after
{Heap after GC invocations=110 (full 0):
 garbage-first heap   total 444416K, used 132656K [0x00000000c2800000, 0x0000000100000000)
  region size 1024K, 5 young (5120K), 5 survivors (5120K)
 Metaspace       used 44519K, committed 44864K, reserved 1114112K
  class space    used 5544K, committed 5696K, reserved 1048576K
}

